<?xml version="1.0" encoding="UTF-8"?>
<!-- Generated by org.testng.reporters.JUnitXMLReporter -->
<testsuite hostname="Vostro-PC" ignored="0" name="Test" tests="8" failures="0" timestamp="26 Sep 2017 10:50:31 GMT" time="294.677" errors="0">
  <testcase name="verifyloginWithDifferentRecords" time="129.412" classname="com.test.mavenframework.uiAutomation.homePage.VerifyLoginWithDifferentRecords"/>
  <testcase name="verifyloginWithDifferentRecords" time="0.001" classname="com.test.mavenframework.uiAutomation.homePage.VerifyLoginWithDifferentRecords"/>
  <testcase name="verifyloginWithDifferentRecords" time="0.001" classname="com.test.mavenframework.uiAutomation.homePage.VerifyLoginWithDifferentRecords"/>
  <testcase name="verifyloginWithDifferentRecords" time="0.002" classname="com.test.mavenframework.uiAutomation.homePage.VerifyLoginWithDifferentRecords"/>
  <testcase name="verifyloginWithDifferentRecords" time="0.001" classname="com.test.mavenframework.uiAutomation.homePage.VerifyLoginWithDifferentRecords"/>
  <testcase name="verifyloginWithDifferentRecords" time="0.003" classname="com.test.mavenframework.uiAutomation.homePage.VerifyLoginWithDifferentRecords"/>
  <testcase name="verifyloginWithDifferentRecords" time="126.25" classname="com.test.mavenframework.uiAutomation.homePage.VerifyLoginWithDifferentRecords"/>
  <testcase name="verifyLoginWithValidCredentials" time="2.106" classname="com.test.mavenframework.uiAutomation.homePage.VerifyValidLogin"/>
</testsuite> <!-- Test -->
